
=== Sat Jan 30 17:44:35 2021

Packages were changed.
Update Mode: updateDependencies

The following packages were added:
  com.unity.ide.visualstudio@2.0.5
The following packages were updated:
  com.unity.collab-proxy from version 1.2.16 to 1.3.9
  com.unity.ext.nunit from version 1.0.5 to 1.0.6
  com.unity.ide.rider from version 1.1.4 to 2.0.7
  com.unity.test-framework from version 1.1.19 to 1.1.20
  com.unity.textmeshpro from version 2.0.1 to 3.0.1

=== Tue Mar 23 20:47:07 2021

Packages were changed.
Update Mode: updateDependencies

The following packages were updated:
  com.unity.ide.rider from version 2.0.7 to 3.0.5
  com.unity.ide.visualstudio from version 2.0.5 to 2.0.7
  com.unity.purchasing from version 2.2.1 to 3.0.1
  com.unity.test-framework from version 1.1.20 to 1.1.22
  com.unity.textmeshpro from version 3.0.1 to 3.0.4
  com.unity.timeline from version 1.2.6 to 1.5.2
